<?xml version="1.0" encoding="UTF-8"?>
<testsuites name="Test Suite1" time="33" tests="2" failures="3" errors="0">
   <testsuite name="Test Suite1" tests="2" failures="3" errors="0" time="33" timestamp="2018-03-29 09:42:32" hostname="Administrator - Medialog" id="Test Suites/Test Suite1">
      <properties>
         <property name="deviceName" value=""/>
         <property name="devicePlatform" value=""/>
         <property name="logFolder" value="C:\\Users\\Administrator\\git\\KatalonGitTest1\\Reports\\Test Suite1\\20180329_094230"/>
         <property name="logFiles" value="C:\\Users\\Administrator\\git\\KatalonGitTest1\\Reports\\Test Suite1\\20180329_094230\\execution0.log"/>
         <property name="attachments" value=""/>
         <property name="hostName" value="Administrator - Medialog"/>
         <property name="os" value="Windows 7 64bit"/>
         <property name="katalonVersion" value="5.3.1.1"/>
         <property name="dbServerInfo" value="MySQL 5.7.21-log"/>
         <property name="browser" value="null"/>
         <property name="hostAddress" value="172.19.244.166"/>
         <property name="sessionId" value="0260c8fd283caf9788460ef4832901f0"/>
         <property name="seleniumVersion" value="3.7.1"/>
         <property name="proxyInformation" value="ProxyInformation{proxyOption=NO_PROXY, proxyServerType=HTTP, password=, proxyServerAddress=, proxyServerPort=0}"/>
         <property name="platform" value="Windows 7"/>
      </properties>
      <testcase name="Test Cases/Test 1 by Jiwon" classname="Test Cases/Test 1 by Jiwon" status="PASSED">
         <system-out><![CDATA[2018-03-29 09:42:33 - [TEST_CASE][PASSED] - Test Cases/Test 1 by Jiwon: Test Cases/Test 1 by Jiwon

2018-03-29 09:42:33 - [TEST_STEP][PASSED] - openBrowser: Browser is opened with url: ''

2018-03-29 09:42:37 - [MESSAGE][PASSED] - Browser is opened with url: ''

2018-03-29 09:42:37 - [TEST_STEP][PASSED] - navigateToUrl: Navigate to 'http://demoaut.katalon.com/profile.php#login' successfully

2018-03-29 09:42:40 - [MESSAGE][PASSED] - Navigate to 'http://demoaut.katalon.com/profile.php#login' successfully

2018-03-29 09:42:40 - [TEST_STEP][PASSED] - click: Object: 'Object Repository/span_demo_username_label' is clicked on

2018-03-29 09:42:40 - [MESSAGE][PASSED] - Object: 'Object Repository/span_demo_username_label' is clicked on

2018-03-29 09:42:40 - [TEST_STEP][PASSED] - setText: Text '' is set on object 'Object Repository/input_username'

2018-03-29 09:42:40 - [MESSAGE][PASSED] - Text '' is set on object 'Object Repository/input_username'

2018-03-29 09:42:40 - [TEST_STEP][PASSED] - click: Object: 'Object Repository/span_demo_password_label' is clicked on

2018-03-29 09:42:40 - [MESSAGE][PASSED] - Object: 'Object Repository/span_demo_password_label' is clicked on

2018-03-29 09:42:40 - [TEST_STEP][PASSED] - setText: Text '' is set on object 'Object Repository/input_password'

2018-03-29 09:42:40 - [MESSAGE][PASSED] - Text '' is set on object 'Object Repository/input_password'

2018-03-29 09:42:40 - [TEST_STEP][PASSED] - click: Object: 'Object Repository/button_Login (1)' is clicked on

2018-03-29 09:42:41 - [MESSAGE][PASSED] - Object: 'Object Repository/button_Login (1)' is clicked on

2018-03-29 09:42:41 - [TEST_STEP][PASSED] - setText: Text 'John Doe' is set on object 'Object Repository/input_username'

2018-03-29 09:42:41 - [MESSAGE][PASSED] - Text 'John Doe' is set on object 'Object Repository/input_username'

2018-03-29 09:42:41 - [TEST_STEP][PASSED] - setText: Text 'ThisIsNotAPassword' is set on object 'Object Repository/input_password'

2018-03-29 09:42:42 - [MESSAGE][PASSED] - Text 'ThisIsNotAPassword' is set on object 'Object Repository/input_password'

2018-03-29 09:42:42 - [TEST_STEP][PASSED] - click: Object: 'Object Repository/button_Login (1)' is clicked on

2018-03-29 09:42:42 - [MESSAGE][PASSED] - Object: 'Object Repository/button_Login (1)' is clicked on

2018-03-29 09:42:42 - [TEST_STEP][PASSED] - closeBrowser: Browser is closed

2018-03-29 09:42:43 - [MESSAGE][PASSED] - Browser is closed]]></system-out>
         <system-err><![CDATA[]]></system-err>
      </testcase>
      <testcase name="Test Cases/Test 1 by Jiwon" classname="Test Cases/Test 1 by Jiwon" status="PASSED">
         <system-out><![CDATA[2018-03-29 09:42:43 - [TEST_CASE][PASSED] - Test Cases/Test 1 by Jiwon: Test Cases/Test 1 by Jiwon

2018-03-29 09:42:43 - [TEST_STEP][PASSED] - openBrowser: Browser is opened with url: ''

2018-03-29 09:42:45 - [MESSAGE][PASSED] - Browser is opened with url: ''

2018-03-29 09:42:45 - [TEST_STEP][PASSED] - navigateToUrl: Navigate to 'http://demoaut.katalon.com/profile.php#login' successfully

2018-03-29 09:42:47 - [MESSAGE][PASSED] - Navigate to 'http://demoaut.katalon.com/profile.php#login' successfully

2018-03-29 09:42:47 - [TEST_STEP][PASSED] - click: Object: 'Object Repository/span_demo_username_label' is clicked on

2018-03-29 09:42:48 - [MESSAGE][PASSED] - Object: 'Object Repository/span_demo_username_label' is clicked on

2018-03-29 09:42:48 - [TEST_STEP][PASSED] - setText: Text '' is set on object 'Object Repository/input_username'

2018-03-29 09:42:48 - [MESSAGE][PASSED] - Text '' is set on object 'Object Repository/input_username'

2018-03-29 09:42:48 - [TEST_STEP][PASSED] - click: Object: 'Object Repository/span_demo_password_label' is clicked on

2018-03-29 09:42:48 - [MESSAGE][PASSED] - Object: 'Object Repository/span_demo_password_label' is clicked on

2018-03-29 09:42:48 - [TEST_STEP][PASSED] - setText: Text '' is set on object 'Object Repository/input_password'

2018-03-29 09:42:48 - [MESSAGE][PASSED] - Text '' is set on object 'Object Repository/input_password'

2018-03-29 09:42:48 - [TEST_STEP][PASSED] - click: Object: 'Object Repository/button_Login (1)' is clicked on

2018-03-29 09:42:49 - [MESSAGE][PASSED] - Object: 'Object Repository/button_Login (1)' is clicked on

2018-03-29 09:42:49 - [TEST_STEP][PASSED] - setText: Text 'John Doe' is set on object 'Object Repository/input_username'

2018-03-29 09:42:49 - [MESSAGE][PASSED] - Text 'John Doe' is set on object 'Object Repository/input_username'

2018-03-29 09:42:49 - [TEST_STEP][PASSED] - setText: Text 'ThisIsNotAPassword' is set on object 'Object Repository/input_password'

2018-03-29 09:42:49 - [MESSAGE][PASSED] - Text 'ThisIsNotAPassword' is set on object 'Object Repository/input_password'

2018-03-29 09:42:49 - [TEST_STEP][PASSED] - click: Object: 'Object Repository/button_Login (1)' is clicked on

2018-03-29 09:42:50 - [MESSAGE][PASSED] - Object: 'Object Repository/button_Login (1)' is clicked on

2018-03-29 09:42:50 - [TEST_STEP][PASSED] - closeBrowser: Browser is closed

2018-03-29 09:42:51 - [MESSAGE][PASSED] - Browser is closed]]></system-out>
         <system-err><![CDATA[]]></system-err>
      </testcase>
      <testcase name="Test Cases/Test 1 by Jiwon" classname="Test Cases/Test 1 by Jiwon" status="FAILED">
         <failure type="FAILED" message="Unable to navigate to 'http://demoaut.katalon.com/profile.php#login' (Root cause: org.openqa.selenium.WebDriverException: unknown error: cannot determine loading status
from unknown error: cannot determine loading status
from disconnected: received Inspector.detached event
  (Session info: chrome=65.0.3325.181)
  (Driver info: chromedriver=2.35.528161 (5b82f2d2aae0ca24b877009200ced9065a772e73),platform=Windows NT 6.1.7601 SP1 x86_64) (WARNING: The server did not provide any stacktrace information)
Command duration or timeout: 0 milliseconds
Build info: version: '3.7.1', revision: '8a0099a', time: '2017-11-06T21:07:36.161Z'
System info: host: 'MEDIALOG', ip: '172.19.244.166', os.name: 'Windows 7', os.arch: 'amd64', os.version: '6.1', java.version: '1.8.0_102'
Driver info: com.kms.katalon.selenium.driver.CChromeDriver
Capabilities {acceptInsecureCerts: false, acceptSslCerts: false, applicationCacheEnabled: false, browserConnectionEnabled: false, browserName: chrome, chrome: {chromedriverVersion: 2.35.528161 (5b82f2d2aae0ca..., userDataDir: C:\Users\ADMINI~1\AppData\L...}, cssSelectorsEnabled: true, databaseEnabled: false, handlesAlerts: true, hasTouchScreen: false, javascriptEnabled: true, locationContextEnabled: true, mobileEmulationEnabled: false, nativeEvents: true, networkConnectionEnabled: false, pageLoadStrategy: normal, platform: XP, platformName: XP, rotatable: false, setWindowRect: true, takesHeapSnapshot: true, takesScreenshot: true, unexpectedAlertBehaviour: , unhandledPromptBehavior: , version: 65.0.3325.181, webStorageEnabled: true}
Session ID: b9c1f89f28407bca01af4d6a7c8b17f0)"/>
         <system-out><![CDATA[2018-03-29 09:42:51 - [TEST_CASE][FAILED] - Test Cases/Test 1 by Jiwon: Test Cases/Test 1 by Jiwon FAILED because (of) Unable to navigate to 'http://demoaut.katalon.com/profile.php#login' (Root cause: org.openqa.selenium.WebDriverException: unknown error: cannot determine loading status
from unknown error: cannot determine loading status
from disconnected: received Inspector.detached event
  (Session info: chrome=65.0.3325.181)
  (Driver info: chromedriver=2.35.528161 (5b82f2d2aae0ca24b877009200ced9065a772e73),platform=Windows NT 6.1.7601 SP1 x86_64) (WARNING: The server did not provide any stacktrace information)
Command duration or timeout: 0 milliseconds
Build info: version: '3.7.1', revision: '8a0099a', time: '2017-11-06T21:07:36.161Z'
System info: host: 'MEDIALOG', ip: '172.19.244.166', os.name: 'Windows 7', os.arch: 'amd64', os.version: '6.1', java.version: '1.8.0_102'
Driver info: com.kms.katalon.selenium.driver.CChromeDriver
Capabilities {acceptInsecureCerts: false, acceptSslCerts: false, applicationCacheEnabled: false, browserConnectionEnabled: false, browserName: chrome, chrome: {chromedriverVersion: 2.35.528161 (5b82f2d2aae0ca..., userDataDir: C:\Users\ADMINI~1\AppData\L...}, cssSelectorsEnabled: true, databaseEnabled: false, handlesAlerts: true, hasTouchScreen: false, javascriptEnabled: true, locationContextEnabled: true, mobileEmulationEnabled: false, nativeEvents: true, networkConnectionEnabled: false, pageLoadStrategy: normal, platform: XP, platformName: XP, rotatable: false, setWindowRect: true, takesHeapSnapshot: true, takesScreenshot: true, unexpectedAlertBehaviour: , unhandledPromptBehavior: , version: 65.0.3325.181, webStorageEnabled: true}
Session ID: b9c1f89f28407bca01af4d6a7c8b17f0)

2018-03-29 09:42:51 - [TEST_STEP][PASSED] - openBrowser: Browser is opened with url: ''

2018-03-29 09:42:53 - [MESSAGE][PASSED] - Browser is opened with url: ''

2018-03-29 09:42:53 - [TEST_STEP][FAILED] - navigateToUrl: Unable to navigate to 'http://demoaut.katalon.com/profile.php#login' (Root cause: org.openqa.selenium.WebDriverException: unknown error: cannot determine loading status
from unknown error: cannot determine loading status
from disconnected: received Inspector.detached event
  (Session info: chrome=65.0.3325.181)
  (Driver info: chromedriver=2.35.528161 (5b82f2d2aae0ca24b877009200ced9065a772e73),platform=Windows NT 6.1.7601 SP1 x86_64) (WARNING: The server did not provide any stacktrace information)
Command duration or timeout: 0 milliseconds
Build info: version: '3.7.1', revision: '8a0099a', time: '2017-11-06T21:07:36.161Z'
System info: host: 'MEDIALOG', ip: '172.19.244.166', os.name: 'Windows 7', os.arch: 'amd64', os.version: '6.1', java.version: '1.8.0_102'
Driver info: com.kms.katalon.selenium.driver.CChromeDriver
Capabilities {acceptInsecureCerts: false, acceptSslCerts: false, applicationCacheEnabled: false, browserConnectionEnabled: false, browserName: chrome, chrome: {chromedriverVersion: 2.35.528161 (5b82f2d2aae0ca..., userDataDir: C:\Users\ADMINI~1\AppData\L...}, cssSelectorsEnabled: true, databaseEnabled: false, handlesAlerts: true, hasTouchScreen: false, javascriptEnabled: true, locationContextEnabled: true, mobileEmulationEnabled: false, nativeEvents: true, networkConnectionEnabled: false, pageLoadStrategy: normal, platform: XP, platformName: XP, rotatable: false, setWindowRect: true, takesHeapSnapshot: true, takesScreenshot: true, unexpectedAlertBehaviour: , unhandledPromptBehavior: , version: 65.0.3325.181, webStorageEnabled: true}
Session ID: b9c1f89f28407bca01af4d6a7c8b17f0)

2018-03-29 09:42:57 - [MESSAGE][WARNING] - Cannot take screenshot

2018-03-29 09:42:57 - [MESSAGE][FAILED] - Unable to navigate to 'http://demoaut.katalon.com/profile.php#login' (Root cause: org.openqa.selenium.WebDriverException: unknown error: cannot determine loading status
from unknown error: cannot determine loading status
from disconnected: received Inspector.detached event
  (Session info: chrome=65.0.3325.181)
  (Driver info: chromedriver=2.35.528161 (5b82f2d2aae0ca24b877009200ced9065a772e73),platform=Windows NT 6.1.7601 SP1 x86_64) (WARNING: The server did not provide any stacktrace information)
Command duration or timeout: 0 milliseconds
Build info: version: '3.7.1', revision: '8a0099a', time: '2017-11-06T21:07:36.161Z'
System info: host: 'MEDIALOG', ip: '172.19.244.166', os.name: 'Windows 7', os.arch: 'amd64', os.version: '6.1', java.version: '1.8.0_102'
Driver info: com.kms.katalon.selenium.driver.CChromeDriver
Capabilities {acceptInsecureCerts: false, acceptSslCerts: false, applicationCacheEnabled: false, browserConnectionEnabled: false, browserName: chrome, chrome: {chromedriverVersion: 2.35.528161 (5b82f2d2aae0ca..., userDataDir: C:\Users\ADMINI~1\AppData\L...}, cssSelectorsEnabled: true, databaseEnabled: false, handlesAlerts: true, hasTouchScreen: false, javascriptEnabled: true, locationContextEnabled: true, mobileEmulationEnabled: false, nativeEvents: true, networkConnectionEnabled: false, pageLoadStrategy: normal, platform: XP, platformName: XP, rotatable: false, setWindowRect: true, takesHeapSnapshot: true, takesScreenshot: true, unexpectedAlertBehaviour: , unhandledPromptBehavior: , version: 65.0.3325.181, webStorageEnabled: true}
Session ID: b9c1f89f28407bca01af4d6a7c8b17f0)]]></system-out>
         <system-err><![CDATA[2018-03-29 09:42:51 - [TEST_CASE][FAILED] - Test Cases/Test 1 by Jiwon: Test Cases/Test 1 by Jiwon FAILED because (of) Unable to navigate to 'http://demoaut.katalon.com/profile.php#login' (Root cause: org.openqa.selenium.WebDriverException: unknown error: cannot determine loading status
from unknown error: cannot determine loading status
from disconnected: received Inspector.detached event
  (Session info: chrome=65.0.3325.181)
  (Driver info: chromedriver=2.35.528161 (5b82f2d2aae0ca24b877009200ced9065a772e73),platform=Windows NT 6.1.7601 SP1 x86_64) (WARNING: The server did not provide any stacktrace information)
Command duration or timeout: 0 milliseconds
Build info: version: '3.7.1', revision: '8a0099a', time: '2017-11-06T21:07:36.161Z'
System info: host: 'MEDIALOG', ip: '172.19.244.166', os.name: 'Windows 7', os.arch: 'amd64', os.version: '6.1', java.version: '1.8.0_102'
Driver info: com.kms.katalon.selenium.driver.CChromeDriver
Capabilities {acceptInsecureCerts: false, acceptSslCerts: false, applicationCacheEnabled: false, browserConnectionEnabled: false, browserName: chrome, chrome: {chromedriverVersion: 2.35.528161 (5b82f2d2aae0ca..., userDataDir: C:\Users\ADMINI~1\AppData\L...}, cssSelectorsEnabled: true, databaseEnabled: false, handlesAlerts: true, hasTouchScreen: false, javascriptEnabled: true, locationContextEnabled: true, mobileEmulationEnabled: false, nativeEvents: true, networkConnectionEnabled: false, pageLoadStrategy: normal, platform: XP, platformName: XP, rotatable: false, setWindowRect: true, takesHeapSnapshot: true, takesScreenshot: true, unexpectedAlertBehaviour: , unhandledPromptBehavior: , version: 65.0.3325.181, webStorageEnabled: true}
Session ID: b9c1f89f28407bca01af4d6a7c8b17f0)]]></system-err>
      </testcase>
      <testcase name="Test Cases/Test 2 by Jiwon" classname="Test Cases/Test 2 by Jiwon" status="FAILED">
         <failure type="FAILED" message="Unable to open browser with url: '' (Root cause: org.openqa.selenium.SessionNotCreatedException: session not created exception
from chrome not reachable
  (Session info: chrome=65.0.3325.181)
  (Driver info: chromedriver=2.35.528161 (5b82f2d2aae0ca24b877009200ced9065a772e73),platform=Windows NT 6.1.7601 SP1 x86_64) (WARNING: The server did not provide any stacktrace information)
Command duration or timeout: 3.84 seconds
Build info: version: '3.7.1', revision: '8a0099a', time: '2017-11-06T21:07:36.161Z'
System info: host: 'MEDIALOG', ip: '172.19.244.166', os.name: 'Windows 7', os.arch: 'amd64', os.version: '6.1', java.version: '1.8.0_102'
Driver info: driver.version: CChromeDriver)"/>
         <system-out><![CDATA[2018-03-29 09:42:57 - [TEST_CASE][FAILED] - Test Cases/Test 2 by Jiwon: Test Cases/Test 2 by Jiwon FAILED because (of) Unable to open browser with url: '' (Root cause: org.openqa.selenium.SessionNotCreatedException: session not created exception
from chrome not reachable
  (Session info: chrome=65.0.3325.181)
  (Driver info: chromedriver=2.35.528161 (5b82f2d2aae0ca24b877009200ced9065a772e73),platform=Windows NT 6.1.7601 SP1 x86_64) (WARNING: The server did not provide any stacktrace information)
Command duration or timeout: 3.84 seconds
Build info: version: '3.7.1', revision: '8a0099a', time: '2017-11-06T21:07:36.161Z'
System info: host: 'MEDIALOG', ip: '172.19.244.166', os.name: 'Windows 7', os.arch: 'amd64', os.version: '6.1', java.version: '1.8.0_102'
Driver info: driver.version: CChromeDriver)

2018-03-29 09:42:57 - [TEST_STEP][FAILED] - openBrowser: Unable to open browser with url: '' (Root cause: org.openqa.selenium.SessionNotCreatedException: session not created exception
from chrome not reachable
  (Session info: chrome=65.0.3325.181)
  (Driver info: chromedriver=2.35.528161 (5b82f2d2aae0ca24b877009200ced9065a772e73),platform=Windows NT 6.1.7601 SP1 x86_64) (WARNING: The server did not provide any stacktrace information)
Command duration or timeout: 3.84 seconds
Build info: version: '3.7.1', revision: '8a0099a', time: '2017-11-06T21:07:36.161Z'
System info: host: 'MEDIALOG', ip: '172.19.244.166', os.name: 'Windows 7', os.arch: 'amd64', os.version: '6.1', java.version: '1.8.0_102'
Driver info: driver.version: CChromeDriver)

2018-03-29 09:42:57 - [MESSAGE][WARNING] - A browser is already opened. Closing browser and opening a new one

2018-03-29 09:43:02 - [MESSAGE][FAILED] - Unable to open browser with url: '' (Root cause: org.openqa.selenium.SessionNotCreatedException: session not created exception
from chrome not reachable
  (Session info: chrome=65.0.3325.181)
  (Driver info: chromedriver=2.35.528161 (5b82f2d2aae0ca24b877009200ced9065a772e73),platform=Windows NT 6.1.7601 SP1 x86_64) (WARNING: The server did not provide any stacktrace information)
Command duration or timeout: 3.84 seconds
Build info: version: '3.7.1', revision: '8a0099a', time: '2017-11-06T21:07:36.161Z'
System info: host: 'MEDIALOG', ip: '172.19.244.166', os.name: 'Windows 7', os.arch: 'amd64', os.version: '6.1', java.version: '1.8.0_102'
Driver info: driver.version: CChromeDriver)]]></system-out>
         <system-err><![CDATA[2018-03-29 09:42:57 - [TEST_CASE][FAILED] - Test Cases/Test 2 by Jiwon: Test Cases/Test 2 by Jiwon FAILED because (of) Unable to open browser with url: '' (Root cause: org.openqa.selenium.SessionNotCreatedException: session not created exception
from chrome not reachable
  (Session info: chrome=65.0.3325.181)
  (Driver info: chromedriver=2.35.528161 (5b82f2d2aae0ca24b877009200ced9065a772e73),platform=Windows NT 6.1.7601 SP1 x86_64) (WARNING: The server did not provide any stacktrace information)
Command duration or timeout: 3.84 seconds
Build info: version: '3.7.1', revision: '8a0099a', time: '2017-11-06T21:07:36.161Z'
System info: host: 'MEDIALOG', ip: '172.19.244.166', os.name: 'Windows 7', os.arch: 'amd64', os.version: '6.1', java.version: '1.8.0_102'
Driver info: driver.version: CChromeDriver)]]></system-err>
      </testcase>
      <testcase name="Test Cases/Test 3 by Jiwon" classname="Test Cases/Test 3 by Jiwon" status="FAILED">
         <failure type="FAILED" message="Unable to navigate to 'http://demoaut.katalon.com/profile.php#login' (Root cause: org.openqa.selenium.NoSuchWindowException: no such window: target window already closed
from unknown error: web view not found
  (Session info: chrome=65.0.3325.181)
  (Driver info: chromedriver=2.35.528161 (5b82f2d2aae0ca24b877009200ced9065a772e73),platform=Windows NT 6.1.7601 SP1 x86_64) (WARNING: The server did not provide any stacktrace information)
Command duration or timeout: 0 milliseconds
Build info: version: '3.7.1', revision: '8a0099a', time: '2017-11-06T21:07:36.161Z'
System info: host: 'MEDIALOG', ip: '172.19.244.166', os.name: 'Windows 7', os.arch: 'amd64', os.version: '6.1', java.version: '1.8.0_102'
Driver info: com.kms.katalon.selenium.driver.CChromeDriver
Capabilities {acceptInsecureCerts: false, acceptSslCerts: false, applicationCacheEnabled: false, browserConnectionEnabled: false, browserName: chrome, chrome: {chromedriverVersion: 2.35.528161 (5b82f2d2aae0ca..., userDataDir: C:\Users\ADMINI~1\AppData\L...}, cssSelectorsEnabled: true, databaseEnabled: false, handlesAlerts: true, hasTouchScreen: false, javascriptEnabled: true, locationContextEnabled: true, mobileEmulationEnabled: false, nativeEvents: true, networkConnectionEnabled: false, pageLoadStrategy: normal, platform: XP, platformName: XP, rotatable: false, setWindowRect: true, takesHeapSnapshot: true, takesScreenshot: true, unexpectedAlertBehaviour: , unhandledPromptBehavior: , version: 65.0.3325.181, webStorageEnabled: true}
Session ID: 0260c8fd283caf9788460ef4832901f0)"/>
         <system-out><![CDATA[2018-03-29 09:43:02 - [TEST_CASE][FAILED] - Test Cases/Test 3 by Jiwon: Test Cases/Test 3 by Jiwon FAILED because (of) Unable to navigate to 'http://demoaut.katalon.com/profile.php#login' (Root cause: org.openqa.selenium.NoSuchWindowException: no such window: target window already closed
from unknown error: web view not found
  (Session info: chrome=65.0.3325.181)
  (Driver info: chromedriver=2.35.528161 (5b82f2d2aae0ca24b877009200ced9065a772e73),platform=Windows NT 6.1.7601 SP1 x86_64) (WARNING: The server did not provide any stacktrace information)
Command duration or timeout: 0 milliseconds
Build info: version: '3.7.1', revision: '8a0099a', time: '2017-11-06T21:07:36.161Z'
System info: host: 'MEDIALOG', ip: '172.19.244.166', os.name: 'Windows 7', os.arch: 'amd64', os.version: '6.1', java.version: '1.8.0_102'
Driver info: com.kms.katalon.selenium.driver.CChromeDriver
Capabilities {acceptInsecureCerts: false, acceptSslCerts: false, applicationCacheEnabled: false, browserConnectionEnabled: false, browserName: chrome, chrome: {chromedriverVersion: 2.35.528161 (5b82f2d2aae0ca..., userDataDir: C:\Users\ADMINI~1\AppData\L...}, cssSelectorsEnabled: true, databaseEnabled: false, handlesAlerts: true, hasTouchScreen: false, javascriptEnabled: true, locationContextEnabled: true, mobileEmulationEnabled: false, nativeEvents: true, networkConnectionEnabled: false, pageLoadStrategy: normal, platform: XP, platformName: XP, rotatable: false, setWindowRect: true, takesHeapSnapshot: true, takesScreenshot: true, unexpectedAlertBehaviour: , unhandledPromptBehavior: , version: 65.0.3325.181, webStorageEnabled: true}
Session ID: 0260c8fd283caf9788460ef4832901f0)

2018-03-29 09:43:02 - [TEST_STEP][PASSED] - openBrowser: Browser is opened with url: ''

2018-03-29 09:43:05 - [MESSAGE][PASSED] - Browser is opened with url: ''

2018-03-29 09:43:05 - [TEST_STEP][FAILED] - navigateToUrl: Unable to navigate to 'http://demoaut.katalon.com/profile.php#login' (Root cause: org.openqa.selenium.NoSuchWindowException: no such window: target window already closed
from unknown error: web view not found
  (Session info: chrome=65.0.3325.181)
  (Driver info: chromedriver=2.35.528161 (5b82f2d2aae0ca24b877009200ced9065a772e73),platform=Windows NT 6.1.7601 SP1 x86_64) (WARNING: The server did not provide any stacktrace information)
Command duration or timeout: 0 milliseconds
Build info: version: '3.7.1', revision: '8a0099a', time: '2017-11-06T21:07:36.161Z'
System info: host: 'MEDIALOG', ip: '172.19.244.166', os.name: 'Windows 7', os.arch: 'amd64', os.version: '6.1', java.version: '1.8.0_102'
Driver info: com.kms.katalon.selenium.driver.CChromeDriver
Capabilities {acceptInsecureCerts: false, acceptSslCerts: false, applicationCacheEnabled: false, browserConnectionEnabled: false, browserName: chrome, chrome: {chromedriverVersion: 2.35.528161 (5b82f2d2aae0ca..., userDataDir: C:\Users\ADMINI~1\AppData\L...}, cssSelectorsEnabled: true, databaseEnabled: false, handlesAlerts: true, hasTouchScreen: false, javascriptEnabled: true, locationContextEnabled: true, mobileEmulationEnabled: false, nativeEvents: true, networkConnectionEnabled: false, pageLoadStrategy: normal, platform: XP, platformName: XP, rotatable: false, setWindowRect: true, takesHeapSnapshot: true, takesScreenshot: true, unexpectedAlertBehaviour: , unhandledPromptBehavior: , version: 65.0.3325.181, webStorageEnabled: true}
Session ID: 0260c8fd283caf9788460ef4832901f0)

2018-03-29 09:43:05 - [MESSAGE][WARNING] - Cannot take screenshot

2018-03-29 09:43:05 - [MESSAGE][FAILED] - Unable to navigate to 'http://demoaut.katalon.com/profile.php#login' (Root cause: org.openqa.selenium.NoSuchWindowException: no such window: target window already closed
from unknown error: web view not found
  (Session info: chrome=65.0.3325.181)
  (Driver info: chromedriver=2.35.528161 (5b82f2d2aae0ca24b877009200ced9065a772e73),platform=Windows NT 6.1.7601 SP1 x86_64) (WARNING: The server did not provide any stacktrace information)
Command duration or timeout: 0 milliseconds
Build info: version: '3.7.1', revision: '8a0099a', time: '2017-11-06T21:07:36.161Z'
System info: host: 'MEDIALOG', ip: '172.19.244.166', os.name: 'Windows 7', os.arch: 'amd64', os.version: '6.1', java.version: '1.8.0_102'
Driver info: com.kms.katalon.selenium.driver.CChromeDriver
Capabilities {acceptInsecureCerts: false, acceptSslCerts: false, applicationCacheEnabled: false, browserConnectionEnabled: false, browserName: chrome, chrome: {chromedriverVersion: 2.35.528161 (5b82f2d2aae0ca..., userDataDir: C:\Users\ADMINI~1\AppData\L...}, cssSelectorsEnabled: true, databaseEnabled: false, handlesAlerts: true, hasTouchScreen: false, javascriptEnabled: true, locationContextEnabled: true, mobileEmulationEnabled: false, nativeEvents: true, networkConnectionEnabled: false, pageLoadStrategy: normal, platform: XP, platformName: XP, rotatable: false, setWindowRect: true, takesHeapSnapshot: true, takesScreenshot: true, unexpectedAlertBehaviour: , unhandledPromptBehavior: , version: 65.0.3325.181, webStorageEnabled: true}
Session ID: 0260c8fd283caf9788460ef4832901f0)]]></system-out>
         <system-err><![CDATA[2018-03-29 09:43:02 - [TEST_CASE][FAILED] - Test Cases/Test 3 by Jiwon: Test Cases/Test 3 by Jiwon FAILED because (of) Unable to navigate to 'http://demoaut.katalon.com/profile.php#login' (Root cause: org.openqa.selenium.NoSuchWindowException: no such window: target window already closed
from unknown error: web view not found
  (Session info: chrome=65.0.3325.181)
  (Driver info: chromedriver=2.35.528161 (5b82f2d2aae0ca24b877009200ced9065a772e73),platform=Windows NT 6.1.7601 SP1 x86_64) (WARNING: The server did not provide any stacktrace information)
Command duration or timeout: 0 milliseconds
Build info: version: '3.7.1', revision: '8a0099a', time: '2017-11-06T21:07:36.161Z'
System info: host: 'MEDIALOG', ip: '172.19.244.166', os.name: 'Windows 7', os.arch: 'amd64', os.version: '6.1', java.version: '1.8.0_102'
Driver info: com.kms.katalon.selenium.driver.CChromeDriver
Capabilities {acceptInsecureCerts: false, acceptSslCerts: false, applicationCacheEnabled: false, browserConnectionEnabled: false, browserName: chrome, chrome: {chromedriverVersion: 2.35.528161 (5b82f2d2aae0ca..., userDataDir: C:\Users\ADMINI~1\AppData\L...}, cssSelectorsEnabled: true, databaseEnabled: false, handlesAlerts: true, hasTouchScreen: false, javascriptEnabled: true, locationContextEnabled: true, mobileEmulationEnabled: false, nativeEvents: true, networkConnectionEnabled: false, pageLoadStrategy: normal, platform: XP, platformName: XP, rotatable: false, setWindowRect: true, takesHeapSnapshot: true, takesScreenshot: true, unexpectedAlertBehaviour: , unhandledPromptBehavior: , version: 65.0.3325.181, webStorageEnabled: true}
Session ID: 0260c8fd283caf9788460ef4832901f0)]]></system-err>
      </testcase>
      <system-out><![CDATA[2018-03-29 09:42:32 - [TEST_SUITE][FAILED] - Test Suite1: Test Cases/Test 1 by Jiwon FAILED because (of) Unable to navigate to 'http://demoaut.katalon.com/profile.php#login' (Root cause: org.openqa.selenium.WebDriverException: unknown error: cannot determine loading status
from unknown error: cannot determine loading status
from disconnected: received Inspector.detached event
  (Session info: chrome=65.0.3325.181)
  (Driver info: chromedriver=2.35.528161 (5b82f2d2aae0ca24b877009200ced9065a772e73),platform=Windows NT 6.1.7601 SP1 x86_64) (WARNING: The server did not provide any stacktrace information)
Command duration or timeout: 0 milliseconds
Build info: version: '3.7.1', revision: '8a0099a', time: '2017-11-06T21:07:36.161Z'
System info: host: 'MEDIALOG', ip: '172.19.244.166', os.name: 'Windows 7', os.arch: 'amd64', os.version: '6.1', java.version: '1.8.0_102'
Driver info: com.kms.katalon.selenium.driver.CChromeDriver
Capabilities {acceptInsecureCerts: false, acceptSslCerts: false, applicationCacheEnabled: false, browserConnectionEnabled: false, browserName: chrome, chrome: {chromedriverVersion: 2.35.528161 (5b82f2d2aae0ca..., userDataDir: C:\Users\ADMINI~1\AppData\L...}, cssSelectorsEnabled: true, databaseEnabled: false, handlesAlerts: true, hasTouchScreen: false, javascriptEnabled: true, locationContextEnabled: true, mobileEmulationEnabled: false, nativeEvents: true, networkConnectionEnabled: false, pageLoadStrategy: normal, platform: XP, platformName: XP, rotatable: false, setWindowRect: true, takesHeapSnapshot: true, takesScreenshot: true, unexpectedAlertBehaviour: , unhandledPromptBehavior: , version: 65.0.3325.181, webStorageEnabled: true}
Session ID: b9c1f89f28407bca01af4d6a7c8b17f0)]]></system-out>
      <system-err><![CDATA[2018-03-29 09:42:32 - [TEST_SUITE][FAILED] - Test Suite1: Test Cases/Test 1 by Jiwon FAILED because (of) Unable to navigate to 'http://demoaut.katalon.com/profile.php#login' (Root cause: org.openqa.selenium.WebDriverException: unknown error: cannot determine loading status
from unknown error: cannot determine loading status
from disconnected: received Inspector.detached event
  (Session info: chrome=65.0.3325.181)
  (Driver info: chromedriver=2.35.528161 (5b82f2d2aae0ca24b877009200ced9065a772e73),platform=Windows NT 6.1.7601 SP1 x86_64) (WARNING: The server did not provide any stacktrace information)
Command duration or timeout: 0 milliseconds
Build info: version: '3.7.1', revision: '8a0099a', time: '2017-11-06T21:07:36.161Z'
System info: host: 'MEDIALOG', ip: '172.19.244.166', os.name: 'Windows 7', os.arch: 'amd64', os.version: '6.1', java.version: '1.8.0_102'
Driver info: com.kms.katalon.selenium.driver.CChromeDriver
Capabilities {acceptInsecureCerts: false, acceptSslCerts: false, applicationCacheEnabled: false, browserConnectionEnabled: false, browserName: chrome, chrome: {chromedriverVersion: 2.35.528161 (5b82f2d2aae0ca..., userDataDir: C:\Users\ADMINI~1\AppData\L...}, cssSelectorsEnabled: true, databaseEnabled: false, handlesAlerts: true, hasTouchScreen: false, javascriptEnabled: true, locationContextEnabled: true, mobileEmulationEnabled: false, nativeEvents: true, networkConnectionEnabled: false, pageLoadStrategy: normal, platform: XP, platformName: XP, rotatable: false, setWindowRect: true, takesHeapSnapshot: true, takesScreenshot: true, unexpectedAlertBehaviour: , unhandledPromptBehavior: , version: 65.0.3325.181, webStorageEnabled: true}
Session ID: b9c1f89f28407bca01af4d6a7c8b17f0)]]></system-err>
   </testsuite>
</testsuites>
